# JRE version: OpenJDK Runtime Environment (8.0_202-b03) (build 1.8.0_202-release-1483-b03)
# Java VM: OpenJDK 64-Bit Server VM (25.202-b03 mixed mode windows-amd64 compressed oops)
Heap:
 PSYoungGen      total 146432K, used 21446K [0x00000000f5580000, 0x0000000100000000, 0x0000000100000000)
  eden space 132608K, 16% used [0x00000000f5580000,0x00000000f6a71bd8,0x00000000fd700000)
  from space 13824K, 0% used [0x00000000ff280000,0x00000000ff280000,0x0000000100000000)
  to   space 20992K, 0% used [0x00000000fd700000,0x00000000fd700000,0x00000000feb80000)
 ParOldGen       total 89088K, used 34952K [0x00000000e0000000, 0x00000000e5700000, 0x00000000f5580000)
  object space 89088K, 39% used [0x00000000e0000000,0x00000000e22221a8,0x00000000e5700000)
 Metaspace       used 58606K, capacity 60458K, committed 60696K, reserved 1101824K
  class space    used 8003K, capacity 8440K, committed 8488K, reserved 1048576K
GC Heap History (10 events):
Event: 11.237 GC heap before
{Heap before GC invocations=9 (full 1):
 PSYoungGen      total 141312K, used 23406K [0x00000000f5580000, 0x0000000100000000, 0x0000000100000000)
  eden space 129536K, 8% used [0x00000000f5580000,0x00000000f60dcd98,0x00000000fd400000)
  from space 11776K, 99% used [0x00000000fd400000,0x00000000fdf7eac0,0x00000000fdf80000)
  to   space 13824K, 0% used [0x00000000ff280000,0x00000000ff280000,0x0000000100000000)
 ParOldGen       total 64000K, used 11753K [0x00000000e0000000, 0x00000000e3e80000, 0x00000000f5580000)
  object space 64000K, 18% used [0x00000000e0000000,0x00000000e0b7a578,0x00000000e3e80000)
 Metaspace       used 34698K, capacity 35444K, committed 35496K, reserved 1079296K
  class space    used 4784K, capacity 4999K, committed 5032K, reserved 1048576K
Event: 11.267 GC heap after
Heap after GC invocations=9 (full 1):
 PSYoungGen      total 160768K, used 9010K [0x00000000f5580000, 0x0000000100000000, 0x0000000100000000)
  eden space 146944K, 0% used [0x00000000f5580000,0x00000000f5580000,0x00000000fe500000)
  from space 13824K, 65% used [0x00000000ff280000,0x00000000ffb4ca80,0x0000000100000000)
  to   space 13824K, 0% used [0x00000000fe500000,0x00000000fe500000,0x00000000ff280000)
 ParOldGen       total 64000K, used 11761K [0x00000000e0000000, 0x00000000e3e80000, 0x00000000f5580000)
  object space 64000K, 18% used [0x00000000e0000000,0x00000000e0b7c578,0x00000000e3e80000)
 Metaspace       used 34698K, capacity 35444K, committed 35496K, reserved 1079296K
  class space    used 4784K, capacity 4999K, committed 5032K, reserved 1048576K
}
Event: 11.267 GC heap before
{Heap before GC invocations=10 (full 2):
 PSYoungGen      total 160768K, used 9010K [0x00000000f5580000, 0x0000000100000000, 0x0000000100000000)
  eden space 146944K, 0% used [0x00000000f5580000,0x00000000f5580000,0x00000000fe500000)
  from space 13824K, 65% used [0x00000000ff280000,0x00000000ffb4ca80,0x0000000100000000)
  to   space 13824K, 0% used [0x00000000fe500000,0x00000000fe500000,0x00000000ff280000)
 ParOldGen       total 64000K, used 11761K [0x00000000e0000000, 0x00000000e3e80000, 0x00000000f5580000)
  object space 64000K, 18% used [0x00000000e0000000,0x00000000e0b7c578,0x00000000e3e80000)
 Metaspace       used 34698K, capacity 35444K, committed 35496K, reserved 1079296K
  class space    used 4784K, capacity 4999K, committed 5032K, reserved 1048576K
Event: 11.491 GC heap after
Heap after GC invocations=10 (full 2):
 PSYoungGen      total 160768K, used 0K [0x00000000f5580000, 0x0000000100000000, 0x0000000100000000)
  eden space 146944K, 0% used [0x00000000f5580000,0x00000000f5580000,0x00000000fe500000)
  from space 13824K, 0% used [0x00000000ff280000,0x00000000ff280000,0x0000000100000000)
  to   space 13824K, 0% used [0x00000000fe500000,0x00000000fe500000,0x00000000ff280000)
 ParOldGen       total 89088K, used 16003K [0x00000000e0000000, 0x00000000e5700000, 0x00000000f5580000)
  object space 89088K, 17% used [0x00000000e0000000,0x00000000e0fa0e80,0x00000000e5700000)
 Metaspace       used 34682K, capacity 35390K, committed 35496K, reserved 1079296K
  class space    used 4779K, capacity 4990K, committed 5032K, reserved 1048576K
}
Event: 15.395 GC heap before
{Heap before GC invocations=11 (full 2):
 PSYoungGen      total 160768K, used 146944K [0x00000000f5580000, 0x0000000100000000, 0x0000000100000000)
  eden space 146944K, 100% used [0x00000000f5580000,0x00000000fe500000,0x00000000fe500000)
  from space 13824K, 0% used [0x00000000ff280000,0x00000000ff280000,0x0000000100000000)
  to   space 13824K, 0% used [0x00000000fe500000,0x00000000fe500000,0x00000000ff280000)
 ParOldGen       total 89088K, used 16003K [0x00000000e0000000, 0x00000000e5700000, 0x00000000f5580000)
  object space 89088K, 17% used [0x00000000e0000000,0x00000000e0fa0e80,0x00000000e5700000)
 Metaspace       used 49032K, capacity 50238K, committed 50472K, reserved 1093632K
  class space    used 6616K, capacity 6940K, committed 6952K, reserved 1048576K
Event: 15.434 GC heap after
Heap after GC invocations=11 (full 2):
 PSYoungGen      total 160768K, used 13805K [0x00000000f5580000, 0x0000000100000000, 0x0000000100000000)
  eden space 146944K, 0% used [0x00000000f5580000,0x00000000f5580000,0x00000000fe500000)
  from space 13824K, 99% used [0x00000000fe500000,0x00000000ff27b478,0x00000000ff280000)
  to   space 13824K, 0% used [0x00000000ff280000,0x00000000ff280000,0x0000000100000000)
 ParOldGen       total 89088K, used 20903K [0x00000000e0000000, 0x00000000e5700000, 0x00000000f5580000)
  object space 89088K, 23% used [0x00000000e0000000,0x00000000e1469f48,0x00000000e5700000)
 Metaspace       used 49032K, capacity 50238K, committed 50472K, reserved 1093632K
  class space    used 6616K, capacity 6940K, committed 6952K, reserved 1048576K
}
Event: 19.814 GC heap before
{Heap before GC invocations=12 (full 2):
 PSYoungGen      total 160768K, used 123405K [0x00000000f5580000, 0x0000000100000000, 0x0000000100000000)
  eden space 146944K, 74% used [0x00000000f5580000,0x00000000fc0880b0,0x00000000fe500000)
  from space 13824K, 99% used [0x00000000fe500000,0x00000000ff27b478,0x00000000ff280000)
  to   space 13824K, 0% used [0x00000000ff280000,0x00000000ff280000,0x0000000100000000)
 ParOldGen       total 89088K, used 20903K [0x00000000e0000000, 0x00000000e5700000, 0x00000000f5580000)
  object space 89088K, 23% used [0x00000000e0000000,0x00000000e1469f48,0x00000000e5700000)
 Metaspace       used 57496K, capacity 59142K, committed 59160K, reserved 1099776K
  class space    used 7797K, capacity 8222K, committed 8232K, reserved 1048576K
Event: 19.897 GC heap after
Heap after GC invocations=12 (full 2):
 PSYoungGen      total 146432K, used 13813K [0x00000000f5580000, 0x0000000100000000, 0x0000000100000000)
  eden space 132608K, 0% used [0x00000000f5580000,0x00000000f5580000,0x00000000fd700000)
  from space 13824K, 99% used [0x00000000ff280000,0x00000000ffffd7d0,0x0000000100000000)
  to   space 20992K, 0% used [0x00000000fd700000,0x00000000fd700000,0x00000000feb80000)
 ParOldGen       total 89088K, used 27265K [0x00000000e0000000, 0x00000000e5700000, 0x00000000f5580000)
  object space 89088K, 30% used [0x00000000e0000000,0x00000000e1aa0460,0x00000000e5700000)
 Metaspace       used 57496K, capacity 59142K, committed 59160K, reserved 1099776K
  class space    used 7797K, capacity 8222K, committed 8232K, reserved 1048576K
}
Event: 19.897 GC heap before
{Heap before GC invocations=13 (full 3):
 PSYoungGen      total 146432K, used 13813K [0x00000000f5580000, 0x0000000100000000, 0x0000000100000000)
  eden space 132608K, 0% used [0x00000000f5580000,0x00000000f5580000,0x00000000fd700000)
  from space 13824K, 99% used [0x00000000ff280000,0x00000000ffffd7d0,0x0000000100000000)
  to   space 20992K, 0% used [0x00000000fd700000,0x00000000fd700000,0x00000000feb80000)
 ParOldGen       total 89088K, used 27265K [0x00000000e0000000, 0x00000000e5700000, 0x00000000f5580000)
  object space 89088K, 30% used [0x00000000e0000000,0x00000000e1aa0460,0x00000000e5700000)
 Metaspace       used 57496K, capacity 59142K, committed 59160K, reserved 1099776K
  class space    used 7797K, capacity 8222K, committed 8232K, reserved 1048576K
Event: 20.311 GC heap after
Heap after GC invocations=13 (full 3):
 PSYoungGen      total 146432K, used 0K [0x00000000f5580000, 0x0000000100000000, 0x0000000100000000)
  eden space 132608K, 0% used [0x00000000f5580000,0x00000000f5580000,0x00000000fd700000)
  from space 13824K, 0% used [0x00000000ff280000,0x00000000ff280000,0x0000000100000000)
  to   space 20992K, 0% used [0x00000000fd700000,0x00000000fd700000,0x00000000feb80000)
 ParOldGen       total 89088K, used 34952K [0x00000000e0000000, 0x00000000e5700000, 0x00000000f5580000)
  object space 89088K, 39% used [0x00000000e0000000,0x00000000e22221a8,0x00000000e5700000)
 Metaspace       used 57496K, capacity 59142K, committed 59160K, reserved 1099776K
  class space    used 7797K, capacity 8222K, committed 8232K, reserved 1048576K
}

